<<<<<<< HEAD
2024-12-28 06:56:48,339 - src.ui.dashboard - ERROR - Error showing statistics: 'Dashboard' object has no attribute 'get_current_stats'
2024-12-28 06:58:51,307 - src.ui.dashboard - ERROR - Error showing statistics: 'Dashboard' object has no attribute 'get_current_stats'
2024-12-28 07:01:18,826 - src.ui.statistics_dialog - ERROR - Error updating statistics display: 'StatisticsDialog' object has no attribute 'total_time_label'
2024-12-28 07:05:54,055 - src.ui.statistics_dialog - ERROR - Error updating statistics display: 'StatisticsDialog' object has no attribute 'total_time_label'
2024-12-28 07:14:31,143 - src.ui.transcription - ERROR - Error loading subtitles: 'TranscriptionApp' object has no attribute 'status_bar'
2024-12-28 07:14:31,152 - src.ui.transcription - ERROR - Error loading files: Failed to load subtitles
2024-12-28 07:16:36,732 - src.ui.transcription - ERROR - Error loading files: 'TranscriptionApp' object has no attribute 'status_bar'
2024-12-28 07:21:04,910 - src.ui.dashboard - ERROR - Error starting new practice: AchievementManager.__init__() missing 1 required positional argument: 'statistics_manager'
2024-12-28 07:22:38,554 - src.ui.dashboard - ERROR - Error starting new practice: name 'CustomTextEdit' is not defined
2024-12-28 07:27:58,622 - src.ui.transcription - ERROR - Error loading subtitles: 'TranscriptionApp' object has no attribute 'update_button_states'
2024-12-28 07:27:58,638 - src.ui.transcription - ERROR - Error loading files: Failed to load subtitles
2024-12-28 08:01:58,917 - src.ui.transcription - ERROR - Error checking transcription: TranscriptionApp.highlight_text() missing 1 required positional argument: 'current_word_index'
2024-12-28 08:02:00,347 - src.ui.transcription - ERROR - Error checking transcription: TranscriptionApp.highlight_text() missing 1 required positional argument: 'current_word_index'
2024-12-28 08:02:00,813 - src.ui.transcription - ERROR - Error checking transcription: TranscriptionApp.highlight_text() missing 1 required positional argument: 'current_word_index'
2024-12-28 08:20:03,895 - src.ui.transcription - ERROR - Error handling text changed: 'TranscriptionApp' object has no attribute 'check_segment_completion'
2024-12-28 08:20:23,798 - src.ui.transcription - ERROR - Error handling text changed: 'TranscriptionApp' object has no attribute 'check_segment_completion'
2024-12-28 08:23:42,634 - src.ui.transcription - ERROR - Error playing segment: 'TranscriptionApp' object has no attribute 'current_text_label'
2024-12-28 08:25:48,227 - src.ui.transcription - ERROR - Error saving progress: ProgressManager.save_progress() takes 1 positional argument but 2 were given
2024-12-28 08:27:55,089 - src.ui.transcription - ERROR - Error saving progress: 'TranscriptionApp' object has no attribute 'replay_count'
2024-12-28 08:31:31,931 - src.ui.dashboard - ERROR - Error starting new practice: 'TranscriptionApp' object has no attribute 'setup_shortcuts'
2024-12-28 09:13:52,772 - src.ui.transcription - ERROR - Error checking transcription: TranscriptionApp.highlight_text() missing 1 required positional argument: 'current_word_index'
2024-12-28 09:16:50,606 - src.ui.transcription - ERROR - Error highlighting text: 'TranscriptionApp' object has no attribute 'normalize_text'
2024-12-28 09:16:50,607 - src.ui.transcription - ERROR - Error checking transcription: 'SessionManager' object has no attribute 'error_handler'
2024-12-28 09:20:03,321 - src.ui.transcription - ERROR - Error highlighting text: 'TranscriptionApp' object has no attribute 'normalize_text'
2024-12-28 09:20:03,323 - src.ui.transcription - ERROR - Error checking transcription: 'SessionManager' object has no attribute 'error_handler'
2024-12-28 09:20:06,717 - src.ui.transcription - ERROR - Error highlighting text: 'TranscriptionApp' object has no attribute 'normalize_text'
2024-12-28 09:20:06,718 - src.ui.transcription - ERROR - Error checking transcription: 'SessionManager' object has no attribute 'error_handler'
2024-12-28 09:20:07,228 - src.ui.transcription - ERROR - Error highlighting text: 'TranscriptionApp' object has no attribute 'normalize_text'
2024-12-28 09:20:07,229 - src.ui.transcription - ERROR - Error checking transcription: 'SessionManager' object has no attribute 'error_handler'
2024-12-28 09:22:48,811 - src.ui.transcription - ERROR - Error checking transcription: 'SessionManager' object has no attribute 'error_handler'
2024-12-28 09:23:36,933 - src.ui.transcription - ERROR - Error initializing managers: 'SessionManager' object has no attribute 'load_sessions'
2024-12-28 09:23:36,933 - src.ui.dashboard - ERROR - Error starting new practice: 'SessionManager' object has no attribute 'load_sessions'
2024-12-28 09:25:05,583 - src.ui.transcription - ERROR - Error checking transcription: 'ValidationManager' object has no attribute 'handle_error'
2024-12-28 09:27:01,730 - src.ui.transcription - ERROR - Error checking transcription: ValidationManager.handle_error() missing 1 required positional argument: 'message'
2024-12-28 09:29:16,175 - src.ui.transcription - ERROR - Error checking transcription: unsupported operand type(s) for /: 'list' and 'int'
2024-12-28 09:29:16,176 - core.validation_manager - ERROR - Validation failed: unsupported operand type(s) for /: 'list' and 'int'
2024-12-28 09:48:56,921 - src.ui.transcription - ERROR - Error playing segment: setInterval(self, msec: int): argument 1 has unexpected type 'float'
2024-12-28 09:48:59,590 - src.ui.transcription - ERROR - Error playing segment: setInterval(self, msec: int): argument 1 has unexpected type 'float'
2024-12-28 11:41:12,039 - src.ui.dashboard - ERROR - Error starting new practice: 'FloatingTextEdit' object has no attribute 'setSizeGripEnabled'
2024-12-28 12:15:11,589 - src.ui.transcription - ERROR - Error handling text changed: 'QWidget' object has no attribute 'segments'
2024-12-28 12:15:21,698 - src.ui.transcription - ERROR - Error handling text changed: 'QWidget' object has no attribute 'segments'
2024-12-28 12:15:23,030 - src.ui.transcription - ERROR - Error handling text changed: 'QWidget' object has no attribute 'segments'
2024-12-28 12:15:23,943 - src.ui.transcription - ERROR - Error handling text changed: 'QWidget' object has no attribute 'segments'
2024-12-28 12:15:26,916 - src.ui.transcription - ERROR - Error handling text changed: 'QWidget' object has no attribute 'segments'
2024-12-28 12:15:27,032 - src.ui.transcription - ERROR - Error handling text changed: 'QWidget' object has no attribute 'segments'
2024-12-28 12:15:27,036 - src.ui.transcription - ERROR - Error handling text changed: 'QWidget' object has no attribute 'segments'
2024-12-28 12:15:27,585 - src.ui.transcription - ERROR - Error handling text changed: 'QWidget' object has no attribute 'segments'
2024-12-28 12:15:27,718 - src.ui.transcription - ERROR - Error handling text changed: 'QWidget' object has no attribute 'segments'
2024-12-28 12:15:28,324 - src.ui.transcription - ERROR - Error handling text changed: 'QWidget' object has no attribute 'segments'
2024-12-29 00:20:13,215 - src.ui.transcription - INFO - Progress saved: segment 2
2024-12-29 00:20:23,036 - src.ui.transcription - INFO - Progress saved: segment 3
2024-12-29 00:20:30,519 - src.ui.transcription - INFO - Progress saved: segment 4
2024-12-29 00:20:34,847 - src.ui.transcription - INFO - Progress saved: segment 4
2024-12-29 00:20:55,806 - src.ui.transcription - INFO - Progress loaded: segment 4
2024-12-29 00:21:51,369 - src.ui.transcription - INFO - Progress saved: segment 2
2024-12-29 00:22:34,574 - src.ui.transcription - INFO - Progress saved: segment 2
2024-12-29 00:22:35,200 - src.ui.transcription - INFO - Progress saved: segment 3
2024-12-29 00:22:35,830 - src.ui.transcription - INFO - Progress saved: segment 4
2024-12-29 00:22:36,585 - src.ui.transcription - INFO - Progress saved: segment 5
2024-12-29 00:22:52,661 - src.ui.transcription - INFO - Progress loaded: segment 5
2024-12-29 00:23:30,930 - src.ui.transcription - INFO - Progress saved: segment 6
2024-12-29 01:22:20,681 - src.ui.transcription - INFO - Progress loaded: segment 15
2024-12-29 01:24:24,758 - src.ui.transcription - INFO - Progress loaded: segment 15
2024-12-29 01:25:31,020 - src.ui.transcription - INFO - Progress loaded: segment 15
2024-12-29 01:26:32,555 - src.ui.transcription - INFO - Progress loaded: segment 15
2024-12-29 01:26:55,136 - src.ui.transcription - INFO - Progress loaded: segment 15
2024-12-29 01:27:23,118 - src.ui.transcription - INFO - Progress loaded: segment 15
2024-12-29 01:28:30,868 - src.ui.transcription - ERROR - Error initializing managers: AchievementManager.__init__() missing 1 required positional argument: 'statistics_manager'
2024-12-29 01:28:30,869 - src.ui.dashboard - ERROR - Error continuing practice: AchievementManager.__init__() missing 1 required positional argument: 'statistics_manager'
2024-12-29 01:29:29,079 - src.ui.transcription - ERROR - Error initializing managers: BackupManager.__init__() missing 1 required positional argument: 'config_manager'
2024-12-29 01:29:29,083 - src.ui.dashboard - ERROR - Error continuing practice: BackupManager.__init__() missing 1 required positional argument: 'config_manager'
2024-12-29 01:30:31,554 - src.ui.transcription - INFO - Progress loaded: segment 15
2024-12-29 01:31:04,015 - src.ui.transcription - INFO - Progress loaded: segment 15
2024-12-29 01:31:07,202 - src.ui.transcription - INFO - Progress saved: segment 16
2024-12-29 01:31:18,211 - src.ui.transcription - INFO - Progress saved: segment 17
2024-12-29 01:31:24,802 - src.ui.transcription - INFO - Progress saved: segment 18
2024-12-29 01:31:29,536 - src.ui.transcription - INFO - Progress saved: segment 19
2024-12-29 01:31:32,841 - src.ui.transcription - INFO - Progress saved: segment 18
2024-12-29 01:31:39,757 - src.ui.transcription - INFO - Progress saved: segment 17
2024-12-29 01:31:43,687 - src.ui.transcription - INFO - Progress saved: segment 16
2024-12-29 01:32:49,963 - src.ui.transcription - INFO - Progress loaded: segment 16
2024-12-29 01:32:49,963 - core.note_manager - INFO - Video file: C:/Users/quang/Downloads/Video/output file.mp4
2024-12-29 01:32:49,964 - core.note_manager - INFO - Video hash: 3860518249396046613
2024-12-29 01:32:49,964 - core.note_manager - INFO - Loading notes from file: data\notes\3860518249396046613.json
2024-12-29 01:32:49,965 - core.note_manager - INFO - No existing notes file found, returning empty notes
2024-12-29 01:32:49,965 - src.ui.transcription - INFO - Loaded notes for video: C:/Users/quang/Downloads/Video/output file.mp4
2024-12-29 01:32:49,966 - src.ui.transcription - INFO - Notes content: {'words': [], 'segments': []}
2024-12-29 01:33:02,090 - core.note_manager - INFO - Video file: C:/Users/quang/Downloads/Video/output file.mp4
2024-12-29 01:33:02,091 - core.note_manager - INFO - Video hash: 3860518249396046613
2024-12-29 01:33:02,093 - core.note_manager - INFO - Loading notes from file: data\notes\3860518249396046613.json
2024-12-29 01:33:02,093 - core.note_manager - INFO - No existing notes file found, returning empty notes
2024-12-29 01:33:02,094 - src.ui.transcription - INFO - Loaded notes for video: C:/Users/quang/Downloads/Video/output file.mp4
2024-12-29 01:33:02,095 - src.ui.transcription - INFO - Notes content: {'words': [], 'segments': []}
2024-12-29 01:33:02,099 - core.note_manager - INFO - Video file: C:/Users/quang/Downloads/Video/output file.mp4
2024-12-29 01:33:02,099 - core.note_manager - INFO - Video hash: 3860518249396046613
2024-12-29 01:33:02,100 - core.note_manager - INFO - Loading notes from file: data\notes\3860518249396046613.json
2024-12-29 01:33:02,101 - core.note_manager - INFO - No existing notes file found, returning empty notes
2024-12-29 01:33:06,576 - core.note_manager - INFO - Video file: C:/Users/quang/Downloads/Video/output file.mp4
2024-12-29 01:33:06,577 - core.note_manager - INFO - Video hash: 3860518249396046613
2024-12-29 01:33:06,579 - core.note_manager - INFO - Loading notes from file: data\notes\3860518249396046613.json
2024-12-29 01:33:06,580 - core.note_manager - INFO - No existing notes file found, returning empty notes
2024-12-29 01:33:06,581 - core.note_manager - INFO - Video file: C:/Users/quang/Downloads/Video/output file.mp4
2024-12-29 01:33:06,581 - core.note_manager - INFO - Video hash: 3860518249396046613
2024-12-29 01:33:10,112 - core.note_manager - INFO - Video file: C:/Users/quang/Downloads/Video/output file.mp4
2024-12-29 01:33:10,112 - core.note_manager - INFO - Video hash: 3860518249396046613
2024-12-29 01:33:10,113 - core.note_manager - INFO - Loading notes from file: data\notes\3860518249396046613.json
2024-12-29 01:33:10,130 - core.note_manager - INFO - Loaded notes content: {'words': [], 'segments': ['Do you realize how traumatizing that is?']}
2024-12-29 01:33:10,130 - src.ui.transcription - INFO - Loaded notes for video: C:/Users/quang/Downloads/Video/output file.mp4
2024-12-29 01:33:10,131 - src.ui.transcription - INFO - Notes content: {'words': [], 'segments': ['Do you realize how traumatizing that is?']}
2024-12-29 01:33:10,134 - core.note_manager - INFO - Video file: C:/Users/quang/Downloads/Video/output file.mp4
2024-12-29 01:33:10,134 - core.note_manager - INFO - Video hash: 3860518249396046613
2024-12-29 01:33:10,135 - core.note_manager - INFO - Loading notes from file: data\notes\3860518249396046613.json
2024-12-29 01:33:10,136 - core.note_manager - INFO - Loaded notes content: {'words': [], 'segments': ['Do you realize how traumatizing that is?']}
2024-12-29 01:33:17,916 - src.ui.transcription - INFO - Progress saved: segment 17
2024-12-29 01:33:24,909 - core.note_manager - INFO - Video file: C:/Users/quang/Downloads/Video/output file.mp4
2024-12-29 01:33:24,910 - core.note_manager - INFO - Video hash: 3860518249396046613
2024-12-29 01:33:24,910 - core.note_manager - INFO - Loading notes from file: data\notes\3860518249396046613.json
2024-12-29 01:33:24,911 - core.note_manager - INFO - Loaded notes content: {'words': [], 'segments': ['Do you realize how traumatizing that is?']}
2024-12-29 01:33:24,912 - core.note_manager - INFO - Video file: C:/Users/quang/Downloads/Video/output file.mp4
2024-12-29 01:33:24,913 - core.note_manager - INFO - Video hash: 3860518249396046613
2024-12-29 01:33:31,376 - core.note_manager - INFO - Video file: C:/Users/quang/Downloads/Video/output file.mp4
2024-12-29 01:33:31,377 - core.note_manager - INFO - Video hash: 3860518249396046613
2024-12-29 01:33:31,377 - core.note_manager - INFO - Loading notes from file: data\notes\3860518249396046613.json
2024-12-29 01:33:31,390 - core.note_manager - INFO - Loaded notes content: {'words': ['careful'], 'segments': ['Do you realize how traumatizing that is?']}
2024-12-29 01:33:31,391 - src.ui.transcription - INFO - Loaded notes for video: C:/Users/quang/Downloads/Video/output file.mp4
2024-12-29 01:33:31,392 - src.ui.transcription - INFO - Notes content: {'words': ['careful'], 'segments': ['Do you realize how traumatizing that is?']}
2024-12-29 01:33:31,393 - core.note_manager - INFO - Video file: C:/Users/quang/Downloads/Video/output file.mp4
2024-12-29 01:33:31,394 - core.note_manager - INFO - Video hash: 3860518249396046613
2024-12-29 01:33:31,395 - core.note_manager - INFO - Loading notes from file: data\notes\3860518249396046613.json
2024-12-29 01:33:31,395 - core.note_manager - INFO - Loaded notes content: {'words': ['careful'], 'segments': ['Do you realize how traumatizing that is?']}
2024-12-29 01:33:42,955 - core.note_manager - INFO - Video file: C:/Users/quang/Downloads/Video/output file.mp4
2024-12-29 01:33:42,955 - core.note_manager - INFO - Video hash: 3860518249396046613
2024-12-29 01:33:42,956 - core.note_manager - INFO - Loading notes from file: data\notes\3860518249396046613.json
2024-12-29 01:33:42,956 - core.note_manager - INFO - Loaded notes content: {'words': ['careful'], 'segments': ['Do you realize how traumatizing that is?']}
2024-12-29 01:33:42,957 - core.note_manager - INFO - Video file: C:/Users/quang/Downloads/Video/output file.mp4
2024-12-29 01:33:42,957 - core.note_manager - INFO - Video hash: 3860518249396046613
2024-12-29 01:33:45,316 - core.note_manager - INFO - Video file: C:/Users/quang/Downloads/Video/output file.mp4
2024-12-29 01:33:45,317 - core.note_manager - INFO - Video hash: 3860518249396046613
2024-12-29 01:33:45,318 - core.note_manager - INFO - Loading notes from file: data\notes\3860518249396046613.json
2024-12-29 01:33:45,340 - core.note_manager - INFO - Loaded notes content: {'words': [], 'segments': []}
2024-12-29 01:37:41,251 - src.ui.transcription - INFO - Progress loaded: segment 17
2024-12-29 01:37:41,268 - core.note_manager - INFO - Video file: C:/Users/quang/Downloads/Video/output file.mp4
2024-12-29 01:37:41,269 - core.note_manager - INFO - Video hash: -5789993505361873871
2024-12-29 01:37:41,269 - core.note_manager - INFO - Loading notes from file: data\notes\-5789993505361873871.json
2024-12-29 01:37:41,270 - core.note_manager - INFO - No existing notes file found, returning empty notes
2024-12-29 01:37:41,271 - src.ui.transcription - INFO - Loaded notes for video: C:/Users/quang/Downloads/Video/output file.mp4
2024-12-29 01:37:41,271 - src.ui.transcription - INFO - Notes content: {'words': [], 'segments': []}
2024-12-29 01:37:53,000 - src.ui.transcription - INFO - Progress saved: segment 18
2024-12-29 01:38:04,082 - src.ui.transcription - INFO - Progress saved: segment 19
2024-12-29 01:39:23,216 - src.ui.transcription - INFO - Progress loaded: segment 19
2024-12-29 01:40:04,678 - src.ui.transcription - INFO - Progress loaded: segment 19
2024-12-29 01:40:06,148 - core.note_manager - INFO - Video file: C:/Users/quang/Downloads/Video/output file.mp4
2024-12-29 01:40:06,148 - core.note_manager - INFO - Video hash: 6041922593533848932
2024-12-29 01:40:06,149 - core.note_manager - INFO - Loading notes from file: data\notes\6041922593533848932.json
2024-12-29 01:40:06,150 - core.note_manager - INFO - No existing notes file found, returning empty notes
2024-12-29 01:40:37,360 - src.ui.transcription - INFO - Progress saved: segment 18
2024-12-29 01:40:43,018 - src.ui.transcription - INFO - Progress saved: segment 19
2024-12-29 01:40:46,592 - src.ui.transcription - INFO - Progress saved: segment 20
2024-12-29 09:13:24,381 - src.ui.transcription - INFO - Progress loaded: segment 27
2024-12-29 09:15:33,930 - src.ui.transcription - ERROR - Invalid video length
2024-12-29 09:15:33,930 - src.ui.transcription - ERROR - Invalid video length
2024-12-29 09:15:33,931 - src.ui.transcription - INFO - Progress loaded: segment 27
2024-12-29 09:15:37,808 - src.ui.transcription - ERROR - Invalid video length
2024-12-29 09:15:39,304 - src.ui.transcription - ERROR - Invalid video length
2024-12-29 09:15:39,555 - src.ui.transcription - ERROR - Invalid video length
2024-12-29 09:15:39,771 - src.ui.transcription - ERROR - Invalid video length
2024-12-29 09:15:39,970 - src.ui.transcription - ERROR - Invalid video length
2024-12-29 09:16:59,641 - src.ui.transcription - INFO - Progress loaded: segment 27
2024-12-29 09:17:39,860 - src.ui.transcription - INFO - Progress saved: segment 28
2024-12-29 09:17:52,663 - src.ui.transcription - INFO - Progress saved: segment 29
2024-12-29 09:18:11,365 - src.ui.transcription - INFO - Progress saved: segment 30
2024-12-29 09:18:56,767 - src.ui.transcription - INFO - Progress saved: segment 31
2024-12-29 09:19:09,081 - src.ui.transcription - INFO - Progress saved: segment 32
2024-12-29 09:19:12,446 - src.ui.transcription - INFO - Progress saved: segment 33
2024-12-29 09:19:17,845 - src.ui.transcription - INFO - Progress saved: segment 34
2024-12-29 09:19:25,909 - src.ui.transcription - INFO - Progress loaded: segment 34
2024-12-29 09:20:11,064 - src.ui.transcription - INFO - Progress saved: segment 35
=======
2024-12-29 08:51:42,372 - src.ui.transcription - INFO - Progress loaded: segment 20
2024-12-29 08:54:32,124 - src.ui.transcription - INFO - Progress saved: segment 21
2024-12-29 08:54:47,738 - src.ui.transcription - INFO - Progress saved: segment 22
2024-12-29 08:58:00,714 - src.ui.transcription - INFO - Progress loaded: segment 22
2024-12-29 08:58:24,568 - src.ui.transcription - INFO - Progress saved: segment 23
2024-12-29 08:59:09,815 - src.ui.transcription - INFO - Progress saved: segment 24
2024-12-29 09:00:22,329 - src.ui.transcription - INFO - Progress saved: segment 25
2024-12-29 09:03:26,909 - src.ui.transcription - INFO - Progress saved: segment 26
2024-12-29 09:04:13,956 - src.ui.transcription - INFO - Progress saved: segment 27
2024-12-29 09:05:11,646 - src.ui.transcription - INFO - Progress loaded: segment 27
>>>>>>> 87db9f7757e38e19ee98f9d28a4b31e15c495986
2025-01-01 12:46:09,754 - src.ui.transcription - INFO - Progress saved: segment 2
2025-01-01 12:46:52,383 - src.ui.transcription - INFO - Progress saved: segment 3
2025-01-01 12:47:09,611 - src.ui.transcription - INFO - Progress saved: segment 4
2025-01-01 12:47:29,395 - src.ui.transcription - INFO - Progress saved: segment 5
2025-01-01 12:47:37,301 - src.ui.transcription - INFO - Progress saved: segment 6
2025-01-01 12:49:33,144 - src.ui.transcription - INFO - Progress saved: segment 7
2025-01-01 12:49:43,251 - src.ui.transcription - INFO - Progress saved: segment 8
2025-01-01 12:49:49,378 - src.ui.transcription - INFO - Progress saved: segment 9
2025-01-01 12:49:54,564 - src.ui.transcription - INFO - Progress saved: segment 10
2025-01-01 12:56:40,503 - src.ui.transcription - INFO - Progress loaded: segment 10
2025-01-01 12:58:15,468 - src.ui.transcription - INFO - Progress saved: segment 11
2025-01-01 12:58:23,998 - src.ui.transcription - INFO - Progress saved: segment 12
2025-01-01 12:58:29,897 - src.ui.transcription - INFO - Progress saved: segment 11
2025-01-01 12:58:34,503 - src.ui.transcription - INFO - Progress saved: segment 12
2025-01-01 12:59:57,517 - src.ui.transcription - INFO - Progress saved: segment 13
2025-01-01 13:00:23,330 - src.ui.transcription - INFO - Progress saved: segment 14
2025-01-01 13:00:26,245 - src.ui.transcription - INFO - Progress saved: segment 15
2025-01-01 13:00:51,684 - src.ui.transcription - INFO - Progress saved: segment 16
2025-01-01 13:01:03,614 - src.ui.transcription - INFO - Progress saved: segment 17
